#
# There is insufficient memory for the Java Runtime Environment to continue.
# Native memory allocation (mmap) failed to map 59244544 bytes for committing reserved memory.
# Possible reasons:
#   The system is out of physical RAM or swap space
#   In 32 bit mode, the process size limit was hit
# Possible solutions:
#   Reduce memory load on the system
#   Increase physical memory or swap space
#   Check if swap backing store is full
#   Use 64 bit Java on a 64 bit OS
#   Decrease Java heap size (-Xmx/-Xms)
#   Decrease number of Java threads
#   Decrease Java thread stack sizes (-Xss)
#   Set larger code cache with -XX:ReservedCodeCacheSize=
# This output file may be truncated or incomplete.
#
#  Out of Memory Error (os_linux.cpp:2640), pid=7779, tid=0x00007fbd004f2700
#
# JRE version: Java(TM) SE Runtime Environment (8.0_171-b11) (build 1.8.0_171-b11)
# Java VM: Java HotSpot(TM) 64-Bit Server VM (25.171-b11 mixed mode linux-amd64 compressed oops)
# Failed to write core dump. Core dumps have been disabled. To enable core dumping, try "ulimit -c unlimited" before starting Java again
#

---------------  T H R E A D  ---------------

Current thread (0x00007fbcfc07d800):  VMThread [stack: 0x00007fbd003f2000,0x00007fbd004f3000] [id=7788]

Stack: [0x00007fbd003f2000,0x00007fbd004f3000],  sp=0x00007fbd004f0fa0,  free space=1019k
Native frames: (J=compiled Java code, j=interpreted, Vv=VM code, C=native code)
V  [libjvm.so+0xacfffa]  VMError::report_and_die()+0x2ba
V  [libjvm.so+0x5005cb]  report_vm_out_of_memory(char const*, int, unsigned long, VMErrorType, char const*)+0x8b
V  [libjvm.so+0x92dd93]  os::Linux::commit_memory_impl(char*, unsigned long, bool)+0x123
V  [libjvm.so+0x92dfb9]  os::pd_commit_memory(char*, unsigned long, unsigned long, bool)+0x29
V  [libjvm.so+0x92527a]  os::commit_memory(char*, unsigned long, unsigned long, bool)+0x2a
V  [libjvm.so+0x99b223]  PSVirtualSpace::expand_by(unsigned long)+0x53
V  [libjvm.so+0x99c628]  PSYoungGen::resize_generation(unsigned long, unsigned long)+0xf8
V  [libjvm.so+0x99b782]  PSYoungGen::resize(unsigned long, unsigned long)+0x22
V  [libjvm.so+0x998a5b]  PSScavenge::invoke_no_policy()+0xf3b
V  [libjvm.so+0x9991e1]  PSScavenge::invoke()+0x41
V  [libjvm.so+0x94fcb0]  ParallelScavengeHeap::failed_mem_allocate(unsigned long)+0x70
V  [libjvm.so+0xad1a77]  VM_ParallelGCFailedAllocation::doit()+0x97
V  [libjvm.so+0xad9595]  VM_Operation::evaluate()+0x55
V  [libjvm.so+0xad795a]  VMThread::evaluate_operation(VM_Operation*)+0xba
V  [libjvm.so+0xad7cde]  VMThread::loop()+0x1ce
V  [libjvm.so+0xad8150]  VMThread::run()+0x70
V  [libjvm.so+0x92e0f8]  java_start(Thread*)+0x108

VM_Operation (0x00007fbd05df4850): ParallelGCFailedAllocation, mode: safepoint, requested by thread 0x00007fbcfc010000


---------------  P R O C E S S  ---------------

Java Threads: ( => current thread )
  0x00007fbcfc0ce800 JavaThread "Service Thread" daemon [_thread_blocked, id=7795, stack(0x00007fbcec4fc000,0x00007fbcec5fd000)]
  0x00007fbcfc0c3800 JavaThread "C1 CompilerThread2" daemon [_thread_blocked, id=7794, stack(0x00007fbcec5fd000,0x00007fbcec6fe000)]
  0x00007fbcfc0c1800 JavaThread "C2 CompilerThread1" daemon [_thread_blocked, id=7793, stack(0x00007fbcec6fe000,0x00007fbcec7ff000)]
  0x00007fbcfc0be800 JavaThread "C2 CompilerThread0" daemon [_thread_blocked, id=7792, stack(0x00007fbcec7ff000,0x00007fbcec900000)]
  0x00007fbcfc0bd000 JavaThread "Signal Dispatcher" daemon [_thread_blocked, id=7791, stack(0x00007fbd000ef000,0x00007fbd001f0000)]
  0x00007fbcfc08a000 JavaThread "Finalizer" daemon [_thread_blocked, id=7790, stack(0x00007fbd001f0000,0x00007fbd002f1000)]
  0x00007fbcfc085800 JavaThread "Reference Handler" daemon [_thread_blocked, id=7789, stack(0x00007fbd002f1000,0x00007fbd003f2000)]
  0x00007fbcfc010000 JavaThread "main" [_thread_blocked, id=7783, stack(0x00007fbd05cf9000,0x00007fbd05dfa000)]

Other Threads:
=>0x00007fbcfc07d800 VMThread [stack: 0x00007fbd003f2000,0x00007fbd004f3000] [id=7788]
  0x00007fbcfc0d3000 WatcherThread [stack: 0x00007fbcec3fb000,0x00007fbcec4fc000] [id=7796]

VM state:at safepoint (normal execution)

VM Mutex/Monitor currently owned by a thread:  ([mutex/lock_event])
[0x00007fbcfc00c0c0] Threads_lock - owner thread: 0x00007fbcfc07d800
[0x00007fbcfc00c5c0] Heap_lock - owner thread: 0x00007fbcfc010000

Heap:
 PSYoungGen      total 83968K, used 7660K [0x00000000e2000000, 0x00000000e8980000, 0x0000000100000000)
  eden space 76288K, 0% used [0x00000000e2000000,0x00000000e2000000,0x00000000e6a80000)
  from space 7680K, 99% used [0x00000000e7a80000,0x00000000e81fb070,0x00000000e8200000)
  to   space 5632K, 0% used [0x00000000e8400000,0x00000000e8400000,0x00000000e8980000)
 ParOldGen       total 44544K, used 13099K [0x00000000a6000000, 0x00000000a8b80000, 0x00000000e2000000)
  object space 44544K, 29% used [0x00000000a6000000,0x00000000a6ccaea8,0x00000000a8b80000)
 Metaspace       used 27568K, capacity 28554K, committed 28720K, reserved 1075200K
  class space    used 3598K, capacity 3831K, committed 3888K, reserved 1048576K

Card table byte_map: [0x00007fbd027b8000,0x00007fbd02a89000] byte_map_base: 0x00007fbd02288000

Marking Bits: (ParMarkBitMap*) 0x00007fbd051c1280
 Begin Bits: [0x00007fbce5300000, 0x00007fbce6980000)
 End Bits:   [0x00007fbce6980000, 0x00007fbce8000000)

Polling page: 0x00007fbd05e13000

CodeCache: size=245760Kb used=8796Kb max_used=8808Kb free=236964Kb
 bounds [0x00007fbced000000, 0x00007fbced8a0000, 0x00007fbcfc000000]
 total_blobs=2847 nmethods=2457 adapters=303
 compilation: enabled

Compilation events (10 events):
Event: 5,655 Thread 0x00007fbcfc0c3800 2463       3       org.springframework.beans.factory.support.AbstractBeanFactory::getType (225 bytes)
Event: 5,659 Thread 0x00007fbcfc0c3800 nmethod 2463 0x00007fbced896f10 code [0x00007fbced8972c0, 0x00007fbced899bd8]
Event: 5,659 Thread 0x00007fbcfc0c3800 2464       3       org.springframework.beans.BeanMetadataAttributeAccessor::getAttribute (22 bytes)
Event: 5,660 Thread 0x00007fbcfc0c3800 nmethod 2464 0x00007fbced89a890 code [0x00007fbced89aa40, 0x00007fbced89af98]
Event: 5,660 Thread 0x00007fbcfc0c3800 2465       3       org.springframework.core.AttributeAccessorSupport::getAttribute (17 bytes)
Event: 5,660 Thread 0x00007fbcfc0c3800 nmethod 2465 0x00007fbced89b1d0 code [0x00007fbced89b360, 0x00007fbced89b6d8]
Event: 5,661 Thread 0x00007fbcfc0c1800 2466       4       java.util.zip.ZipCoder::getBytes (192 bytes)
Event: 5,668 Thread 0x00007fbcfc0be800 2467       4       java.net.URLClassLoader$1::run (5 bytes)
Event: 5,817 Thread 0x00007fbcfc0c1800 nmethod 2466 0x00007fbced89ea90 code [0x00007fbced89ec40, 0x00007fbced89f278]
Event: 5,817 Thread 0x00007fbcfc0c1800 2468   !   4       java.net.URLClassLoader$1::run (63 bytes)

GC Heap History (10 events):
Event: 1,490 GC heap after
Heap after GC invocations=3 (full 0):
 PSYoungGen      total 27136K, used 3552K [0x00000000e2000000, 0x00000000e5500000, 0x0000000100000000)
  eden space 23552K, 0% used [0x00000000e2000000,0x00000000e2000000,0x00000000e3700000)
  from space 3584K, 99% used [0x00000000e3700000,0x00000000e3a78020,0x00000000e3a80000)
  to   space 3584K, 0% used [0x00000000e5180000,0x00000000e5180000,0x00000000e5500000)
 ParOldGen       total 61440K, used 2278K [0x00000000a6000000, 0x00000000a9c00000, 0x00000000e2000000)
  object space 61440K, 3% used [0x00000000a6000000,0x00000000a6239a10,0x00000000a9c00000)
 Metaspace       used 13642K, capacity 14116K, committed 14208K, reserved 1060864K
  class space    used 1793K, capacity 1912K, committed 1920K, reserved 1048576K
}
Event: 1,973 GC heap before
{Heap before GC invocations=4 (full 0):
 PSYoungGen      total 27136K, used 27104K [0x00000000e2000000, 0x00000000e5500000, 0x0000000100000000)
  eden space 23552K, 100% used [0x00000000e2000000,0x00000000e3700000,0x00000000e3700000)
  from space 3584K, 99% used [0x00000000e3700000,0x00000000e3a78020,0x00000000e3a80000)
  to   space 3584K, 0% used [0x00000000e5180000,0x00000000e5180000,0x00000000e5500000)
 ParOldGen       total 61440K, used 2278K [0x00000000a6000000, 0x00000000a9c00000, 0x00000000e2000000)
  object space 61440K, 3% used [0x00000000a6000000,0x00000000a6239a10,0x00000000a9c00000)
 Metaspace       used 16861K, capacity 17410K, committed 17792K, reserved 1064960K
  class space    used 2167K, capacity 2325K, committed 2432K, reserved 1048576K
Event: 1,985 GC heap after
Heap after GC invocations=4 (full 0):
 PSYoungGen      total 50688K, used 3568K [0x00000000e2000000, 0x00000000e5500000, 0x0000000100000000)
  eden space 47104K, 0% used [0x00000000e2000000,0x00000000e2000000,0x00000000e4e00000)
  from space 3584K, 99% used [0x00000000e5180000,0x00000000e54fc010,0x00000000e5500000)
  to   space 3584K, 0% used [0x00000000e4e00000,0x00000000e4e00000,0x00000000e5180000)
 ParOldGen       total 61440K, used 5059K [0x00000000a6000000, 0x00000000a9c00000, 0x00000000e2000000)
  object space 61440K, 8% used [0x00000000a6000000,0x00000000a64f0fa0,0x00000000a9c00000)
 Metaspace       used 16861K, capacity 17410K, committed 17792K, reserved 1064960K
  class space    used 2167K, capacity 2325K, committed 2432K, reserved 1048576K
}
Event: 2,562 GC heap before
{Heap before GC invocations=5 (full 0):
 PSYoungGen      total 50688K, used 33457K [0x00000000e2000000, 0x00000000e5500000, 0x0000000100000000)
  eden space 47104K, 63% used [0x00000000e2000000,0x00000000e3d30558,0x00000000e4e00000)
  from space 3584K, 99% used [0x00000000e5180000,0x00000000e54fc010,0x00000000e5500000)
  to   space 3584K, 0% used [0x00000000e4e00000,0x00000000e4e00000,0x00000000e5180000)
 ParOldGen       total 61440K, used 5059K [0x00000000a6000000, 0x00000000a9c00000, 0x00000000e2000000)
  object space 61440K, 8% used [0x00000000a6000000,0x00000000a64f0fa0,0x00000000a9c00000)
 Metaspace       used 20638K, capacity 21194K, committed 21296K, reserved 1067008K
  class space    used 2658K, capacity 2817K, committed 2864K, reserved 1048576K
Event: 2,574 GC heap after
Heap after GC invocations=5 (full 0):
 PSYoungGen      total 50688K, used 3568K [0x00000000e2000000, 0x00000000e8c00000, 0x0000000100000000)
  eden space 47104K, 0% used [0x00000000e2000000,0x00000000e2000000,0x00000000e4e00000)
  from space 3584K, 99% used [0x00000000e4e00000,0x00000000e517c010,0x00000000e5180000)
  to   space 8192K, 0% used [0x00000000e8400000,0x00000000e8400000,0x00000000e8c00000)
 ParOldGen       total 61440K, used 8776K [0x00000000a6000000, 0x00000000a9c00000, 0x00000000e2000000)
  object space 61440K, 14% used [0x00000000a6000000,0x00000000a6892010,0x00000000a9c00000)
 Metaspace       used 20638K, capacity 21194K, committed 21296K, reserved 1067008K
  class space    used 2658K, capacity 2817K, committed 2864K, reserved 1048576K
}
Event: 2,574 GC heap before
{Heap before GC invocations=6 (full 1):
 PSYoungGen      total 50688K, used 3568K [0x00000000e2000000, 0x00000000e8c00000, 0x0000000100000000)
  eden space 47104K, 0% used [0x00000000e2000000,0x00000000e2000000,0x00000000e4e00000)
  from space 3584K, 99% used [0x00000000e4e00000,0x00000000e517c010,0x00000000e5180000)
  to   space 8192K, 0% used [0x00000000e8400000,0x00000000e8400000,0x00000000e8c00000)
 ParOldGen       total 61440K, used 8776K [0x00000000a6000000, 0x00000000a9c00000, 0x00000000e2000000)
  object space 61440K, 14% used [0x00000000a6000000,0x00000000a6892010,0x00000000a9c00000)
 Metaspace       used 20638K, capacity 21194K, committed 21296K, reserved 1067008K
  class space    used 2658K, capacity 2817K, committed 2864K, reserved 1048576K
Event: 2,618 GC heap after
Heap after GC invocations=6 (full 1):
 PSYoungGen      total 50688K, used 0K [0x00000000e2000000, 0x00000000e8c00000, 0x0000000100000000)
  eden space 47104K, 0% used [0x00000000e2000000,0x00000000e2000000,0x00000000e4e00000)
  from space 3584K, 0% used [0x00000000e4e00000,0x00000000e4e00000,0x00000000e5180000)
  to   space 8192K, 0% used [0x00000000e8400000,0x00000000e8400000,0x00000000e8c00000)
 ParOldGen       total 44544K, used 7347K [0x00000000a6000000, 0x00000000a8b80000, 0x00000000e2000000)
  object space 44544K, 16% used [0x00000000a6000000,0x00000000a672cf00,0x00000000a8b80000)
 Metaspace       used 20638K, capacity 21194K, committed 21296K, reserved 1067008K
  class space    used 2658K, capacity 2817K, committed 2864K, reserved 1048576K
}
Event: 3,412 GC heap before
{Heap before GC invocations=7 (full 1):
 PSYoungGen      total 50688K, used 47104K [0x00000000e2000000, 0x00000000e8c00000, 0x0000000100000000)
  eden space 47104K, 100% used [0x00000000e2000000,0x00000000e4e00000,0x00000000e4e00000)
  from space 3584K, 0% used [0x00000000e4e00000,0x00000000e4e00000,0x00000000e5180000)
  to   space 8192K, 0% used [0x00000000e8400000,0x00000000e8400000,0x00000000e8c00000)
 ParOldGen       total 44544K, used 7347K [0x00000000a6000000, 0x00000000a8b80000, 0x00000000e2000000)
  object space 44544K, 16% used [0x00000000a6000000,0x00000000a672cf00,0x00000000a8b80000)
 Metaspace       used 23834K, capacity 24502K, committed 24752K, reserved 1071104K
  class space    used 3067K, capacity 3239K, committed 3248K, reserved 1048576K
Event: 3,431 GC heap after
Heap after GC invocations=7 (full 1):
 PSYoungGen      total 81920K, used 5204K [0x00000000e2000000, 0x00000000e8980000, 0x0000000100000000)
  eden space 76288K, 0% used [0x00000000e2000000,0x00000000e2000000,0x00000000e6a80000)
  from space 5632K, 92% used [0x00000000e8400000,0x00000000e89150b0,0x00000000e8980000)
  to   space 7680K, 0% used [0x00000000e7a80000,0x00000000e7a80000,0x00000000e8200000)
 ParOldGen       total 44544K, used 7355K [0x00000000a6000000, 0x00000000a8b80000, 0x00000000e2000000)
  object space 44544K, 16% used [0x00000000a6000000,0x00000000a672ef00,0x00000000a8b80000)
 Metaspace       used 23834K, capacity 24502K, committed 24752K, reserved 1071104K
  class space    used 3067K, capacity 3239K, committed 3248K, reserved 1048576K
}
Event: 5,928 GC heap before
{Heap before GC invocations=8 (full 1):
 PSYoungGen      total 81920K, used 81492K [0x00000000e2000000, 0x00000000e8980000, 0x0000000100000000)
  eden space 76288K, 100% used [0x00000000e2000000,0x00000000e6a80000,0x00000000e6a80000)
  from space 5632K, 92% used [0x00000000e8400000,0x00000000e89150b0,0x00000000e8980000)
  to   space 7680K, 0% used [0x00000000e7a80000,0x00000000e7a80000,0x00000000e8200000)
 ParOldGen       total 44544K, used 7355K [0x00000000a6000000, 0x00000000a8b80000, 0x00000000e2000000)
  object space 44544K, 16% used [0x00000000a6000000,0x00000000a672ef00,0x00000000a8b80000)
 Metaspace       used 27568K, capacity 28554K, committed 28720K, reserved 1075200K
  class space    used 3598K, capacity 3831K, committed 3888K, reserved 1048576K

Deoptimization events (10 events):
Event: 3,348 Thread 0x00007fbcfc010000 Uncommon trap: reason=bimorphic action=maybe_recompile pc=0x00007fbced571f78 method=java.util.HashMap.putVal(ILjava/lang/Object;Ljava/lang/Object;ZZ)Ljava/lang/Object; @ 253
Event: 4,488 Thread 0x00007fbcfc010000 Uncommon trap: reason=predicate action=maybe_recompile pc=0x00007fbced7ea0f0 method=java.util.AbstractCollection.toArray([Ljava/lang/Object;)[Ljava/lang/Object; @ 49
Event: 4,806 Thread 0x00007fbcfc010000 Uncommon trap: reason=array_check action=maybe_recompile pc=0x00007fbced8144e4 method=java.util.AbstractCollection.toArray([Ljava/lang/Object;)[Ljava/lang/Object; @ 119
Event: 4,808 Thread 0x00007fbcfc010000 Uncommon trap: reason=array_check action=maybe_recompile pc=0x00007fbced8144e4 method=java.util.AbstractCollection.toArray([Ljava/lang/Object;)[Ljava/lang/Object; @ 119
Event: 4,818 Thread 0x00007fbcfc010000 Uncommon trap: reason=unstable_if action=reinterpret pc=0x00007fbced20abbc method=java.lang.AbstractStringBuilder.append(Ljava/lang/String;)Ljava/lang/AbstractStringBuilder; @ 1
Event: 4,818 Thread 0x00007fbcfc010000 Uncommon trap: reason=unstable_if action=reinterpret pc=0x00007fbced1d0980 method=java.lang.AbstractStringBuilder.append(Ljava/lang/String;)Ljava/lang/AbstractStringBuilder; @ 1
Event: 4,818 Thread 0x00007fbcfc010000 Uncommon trap: reason=unstable_if action=reinterpret pc=0x00007fbced3c1584 method=java.util.concurrent.ConcurrentHashMap.putVal(Ljava/lang/Object;Ljava/lang/Object;Z)Ljava/lang/Object; @ 206
Event: 4,840 Thread 0x00007fbcfc010000 Uncommon trap: reason=array_check action=maybe_recompile pc=0x00007fbced8144e4 method=java.util.AbstractCollection.toArray([Ljava/lang/Object;)[Ljava/lang/Object; @ 119
Event: 4,954 Thread 0x00007fbcfc010000 Uncommon trap: reason=unstable_if action=reinterpret pc=0x00007fbced7ec5d0 method=org.springframework.util.ReflectionUtils.lambda$getUniqueDeclaredMethods$0(Ljava/util/List;Ljava/lang/reflect/Method;)V @ 73
Event: 4,998 Thread 0x00007fbcfc010000 Uncommon trap: reason=array_check action=maybe_recompile pc=0x00007fbced8144e4 method=java.util.AbstractCollection.toArray([Ljava/lang/Object;)[Ljava/lang/Object; @ 119

Classes redefined (0 events):
No events

Internal exceptions (10 events):
Event: 2,112 Thread 0x00007fbcfc010000 Exception <a 'java/lang/ClassNotFoundException': org/springframework/context/ResourceLoaderAwareCustomizer> (0x00000000e297c208) thrown at [/HUDSON/workspace/8-2-build-linux-amd64/jdk8u171/10807/hotspot/src/share/vm/classfile/systemDictionary.cpp, line 21
Event: 2,112 Thread 0x00007fbcfc010000 Exception <a 'java/lang/ClassNotFoundException': org/springframework/beans/factory/BeanClassLoaderAwareCustomizer> (0x00000000e2b33630) thrown at [/HUDSON/workspace/8-2-build-linux-amd64/jdk8u171/10807/hotspot/src/share/vm/classfile/systemDictionary.cpp, 
Event: 2,113 Thread 0x00007fbcfc010000 Exception <a 'java/lang/ClassNotFoundException': org/springframework/context/EnvironmentAwareCustomizer> (0x00000000e2b477e8) thrown at [/HUDSON/workspace/8-2-build-linux-amd64/jdk8u171/10807/hotspot/src/share/vm/classfile/systemDictionary.cpp, line 210]
Event: 2,136 Thread 0x00007fbcfc010000 Exception <a 'java/lang/NoClassDefFoundError': org/reactivestreams/Publisher> (0x00000000e2bbce00) thrown at [/HUDSON/workspace/8-2-build-linux-amd64/jdk8u171/10807/hotspot/src/share/vm/classfile/systemDictionary.cpp, line 199]
Event: 2,137 Thread 0x00007fbcfc010000 Exception <a 'java/lang/NoClassDefFoundError': rx/Observable> (0x00000000e2bccf88) thrown at [/HUDSON/workspace/8-2-build-linux-amd64/jdk8u171/10807/hotspot/src/share/vm/classfile/systemDictionary.cpp, line 199]
Event: 2,146 Thread 0x00007fbcfc010000 Exception <a 'java/lang/NoClassDefFoundError': org/reactivestreams/Publisher> (0x00000000e2bdf2d0) thrown at [/HUDSON/workspace/8-2-build-linux-amd64/jdk8u171/10807/hotspot/src/share/vm/classfile/systemDictionary.cpp, line 199]
Event: 2,341 Thread 0x00007fbcfc55f000 Exception <a 'java/lang/IncompatibleClassChangeError': Found class java.lang.Object, but interface was expected> (0x00000000e366b8c0) thrown at [/HUDSON/workspace/8-2-build-linux-amd64/jdk8u171/10807/hotspot/src/share/vm/interpreter/linkResolver.cpp, line
Event: 4,609 Thread 0x00007fbcfc010000 Exception <a 'java/lang/NoSuchMethodError': java.lang.Object.lambda$of$0([Ljava/lang/Object;)Ljava/util/Iterator;> (0x00000000e5af6e30) thrown at [/HUDSON/workspace/8-2-build-linux-amd64/jdk8u171/10807/hotspot/src/share/vm/interpreter/linkResolver.cpp, li
Event: 4,818 Thread 0x00007fbcfc010000 Implicit null exception at 0x00007fbced20a7f5 to 0x00007fbced20aba9
Event: 4,818 Thread 0x00007fbcfc010000 Implicit null exception at 0x00007fbced1d05b6 to 0x00007fbced1d0969

Events (10 events):
Event: 5,893 loading class org/springframework/cglib/core/ClassEmitter$3 done
Event: 5,894 loading class org/springframework/cglib/core/ClassInfo
Event: 5,894 loading class org/springframework/cglib/core/ClassInfo done
Event: 5,896 loading class org/springframework/cglib/core/ClassEmitter$1
Event: 5,896 loading class org/springframework/cglib/core/ClassEmitter$1 done
Event: 5,899 loading class org/springframework/cglib/core/ReflectUtils
Event: 5,899 loading class org/springframework/cglib/core/ReflectUtils done
Event: 5,910 loading class org/springframework/cglib/core/MethodInfo
Event: 5,910 loading class org/springframework/cglib/core/MethodInfo done
Event: 5,913 Executing VM operation: ParallelGCFailedAllocation


Dynamic libraries:
00400000-00401000 r-xp 00000000 08:05 787102                             /usr/lib/jvm/java-8-oracle/bin/java
00600000-00601000 rw-p 00000000 08:05 787102                             /usr/lib/jvm/java-8-oracle/bin/java
0206d000-0208e000 rw-p 00000000 00:00 0                                  [heap]
a6000000-a8b80000 rw-p 00000000 00:00 0 
a8b80000-e2000000 ---p 00000000 00:00 0 
e2000000-e8980000 rw-p 00000000 00:00 0 
ec200000-100000000 ---p 00000000 00:00 0 
100000000-1003cc000 rw-p 00000000 00:00 0 
1003cc000-140000000 ---p 00000000 00:00 0 
7fbca8000000-7fbca83d1000 rw-p 00000000 00:00 0 
7fbca83d1000-7fbcac000000 ---p 00000000 00:00 0 
7fbcac000000-7fbcac028000 rw-p 00000000 00:00 0 
7fbcac028000-7fbcb0000000 ---p 00000000 00:00 0 
7fbcb0000000-7fbcb0021000 rw-p 00000000 00:00 0 
7fbcb0021000-7fbcb4000000 ---p 00000000 00:00 0 
7fbcb4000000-7fbcb4021000 rw-p 00000000 00:00 0 
7fbcb4021000-7fbcb8000000 ---p 00000000 00:00 0 
7fbcb8000000-7fbcb89a8000 rw-p 00000000 00:00 0 
7fbcb89a8000-7fbcbc000000 ---p 00000000 00:00 0 
7fbcbc000000-7fbcbca17000 rw-p 00000000 00:00 0 
7fbcbca17000-7fbcc0000000 ---p 00000000 00:00 0 
7fbcc0000000-7fbcc0021000 rw-p 00000000 00:00 0 
7fbcc0021000-7fbcc4000000 ---p 00000000 00:00 0 
7fbcc4000000-7fbcc50bd000 rw-p 00000000 00:00 0 
7fbcc50bd000-7fbcc8000000 ---p 00000000 00:00 0 
7fbcc8000000-7fbcc8021000 rw-p 00000000 00:00 0 
7fbcc8021000-7fbccc000000 ---p 00000000 00:00 0 
7fbccc000000-7fbccc021000 rw-p 00000000 00:00 0 
7fbccc021000-7fbcd0000000 ---p 00000000 00:00 0 
7fbcd0000000-7fbcd0021000 rw-p 00000000 00:00 0 
7fbcd0021000-7fbcd4000000 ---p 00000000 00:00 0 
7fbcd4000000-7fbcd4290000 rw-p 00000000 00:00 0 
7fbcd4290000-7fbcd8000000 ---p 00000000 00:00 0 
7fbcd8000000-7fbcd8021000 rw-p 00000000 00:00 0 
7fbcd8021000-7fbcdc000000 ---p 00000000 00:00 0 
7fbcdc7ff000-7fbcdc83f000 rw-p 00000000 00:00 0 
7fbcdc83f000-7fbcdc9ff000 ---p 00000000 00:00 0 
7fbcdc9ff000-7fbcdcbff000 rw-p 00000000 00:00 0 
7fbcdcbff000-7fbcdcdff000 rw-p 00000000 00:00 0 
7fbcdcdff000-7fbcdcfff000 rw-p 00000000 00:00 0 
7fbcdcfff000-7fbce0000000 rw-p 00000000 00:00 0 
7fbce0000000-7fbce0021000 rw-p 00000000 00:00 0 
7fbce0021000-7fbce4000000 ---p 00000000 00:00 0 
7fbce41ce000-7fbce41d1000 ---p 00000000 00:00 0 
7fbce41d1000-7fbce42cf000 rw-p 00000000 00:00 0 
7fbce42cf000-7fbce42e0000 r-xp 00000000 08:05 1456361                    /usr/lib/jvm/java-8-oracle/jre/lib/amd64/libnio.so
7fbce42e0000-7fbce44df000 ---p 00011000 08:05 1456361                    /usr/lib/jvm/java-8-oracle/jre/lib/amd64/libnio.so
7fbce44df000-7fbce44e0000 rw-p 00010000 08:05 1456361                    /usr/lib/jvm/java-8-oracle/jre/lib/amd64/libnio.so
7fbce44e0000-7fbce46e0000 rw-p 00000000 00:00 0 
7fbce46e0000-7fbce48e0000 rw-p 00000000 00:00 0 
7fbce48e0000-7fbce4ae0000 rw-p 00000000 00:00 0 
7fbce4ae0000-7fbce4af6000 r-xp 00000000 08:05 1456358                    /usr/lib/jvm/java-8-oracle/jre/lib/amd64/libnet.so
7fbce4af6000-7fbce4cf6000 ---p 00016000 08:05 1456358                    /usr/lib/jvm/java-8-oracle/jre/lib/amd64/libnet.so
7fbce4cf6000-7fbce4cf7000 rw-p 00016000 08:05 1456358                    /usr/lib/jvm/java-8-oracle/jre/lib/amd64/libnet.so
7fbce4cf7000-7fbce4d00000 r-xp 00000000 08:05 1456366                    /usr/lib/jvm/java-8-oracle/jre/lib/amd64/libmanagement.so
7fbce4d00000-7fbce4eff000 ---p 00009000 08:05 1456366                    /usr/lib/jvm/java-8-oracle/jre/lib/amd64/libmanagement.so
7fbce4eff000-7fbce4f00000 rw-p 00008000 08:05 1456366                    /usr/lib/jvm/java-8-oracle/jre/lib/amd64/libmanagement.so
7fbce4f00000-7fbce5100000 rw-p 00000000 00:00 0 
7fbce5100000-7fbce8000000 rw-p 00000000 00:00 0 
7fbce8000000-7fbce8021000 rw-p 00000000 00:00 0 
7fbce8021000-7fbcec000000 ---p 00000000 00:00 0 
7fbcec09e000-7fbcec0a3000 r--s 002f9000 08:05 1456150                    /usr/lib/jvm/java-8-oracle/jre/lib/charsets.jar
7fbcec0a3000-7fbcec0a8000 r--s 0009d000 08:05 1456157                    /usr/lib/jvm/java-8-oracle/jre/lib/jsse.jar
7fbcec0a8000-7fbcec13d000 r--s 0110b000 08:05 1456299                    /usr/lib/jvm/java-8-oracle/jre/lib/ext/jfxrt.jar
7fbcec13d000-7fbcec140000 ---p 00000000 00:00 0 
7fbcec140000-7fbcec23e000 rw-p 00000000 00:00 0 
7fbcec23e000-7fbcec248000 r--s 00116000 08:05 1456305                    /usr/lib/jvm/java-8-oracle/jre/lib/ext/localedata.jar
7fbcec248000-7fbcec264000 r--s 00393000 08:05 1456298                    /usr/lib/jvm/java-8-oracle/jre/lib/ext/cldrdata.jar
7fbcec264000-7fbcec26b000 r--s 00000000 08:05 919866                     /usr/lib/x86_64-linux-gnu/gconv/gconv-modules.cache
7fbcec26b000-7fbcec290000 r--p 00000000 08:05 1057879                    /usr/share/locale-langpack/es/LC_MESSAGES/libc.mo
7fbcec290000-7fbcec296000 r--s 00039000 08:05 1216991                    /home/matias/.gradle/caches/modules-2/files-2.1/org.apache.logging.log4j/log4j-api/2.10.0/fec5797a55b786184a537abd39c3fa1449d752d6/log4j-api-2.10.0.jar
7fbcec296000-7fbcec2a1000 r--s 00069000 08:05 1216990                    /home/matias/.gradle/caches/modules-2/files-2.1/ch.qos.logback/logback-core/1.2.3/864344400c3d4d92dfeb0a305dc87d953677c03c/logback-core-1.2.3.jar
7fbcec2a1000-7fbcec2a3000 r--s 00002000 08:05 1216642                    /home/matias/.gradle/caches/modules-2/files-2.1/org.atteo/evo-inflector/1.2.2/2551aad98d65ac5464d81fe05f0e1516cfe471c9/evo-inflector-1.2.2.jar
7fbcec2a3000-7fbcec2a7000 r--s 0004b000 08:05 1216989                    /home/matias/.gradle/caches/modules-2/files-2.1/com.fasterxml.jackson.core/jackson-core/2.9.5/a22ac51016944b06fd9ffbc9541c6e7ce5eea117/jackson-core-2.9.5.jar
7fbcec2a7000-7fbcec2a9000 r--s 00004000 08:05 1216852                    /home/matias/.gradle/caches/modules-2/files-2.1/org.springframework/spring-jcl/5.0.5.RELEASE/f4a2854b9d865e8b86717595aec16f877f8c6489/spring-jcl-5.0.5.RELEASE.jar
7fbcec2a9000-7fbcec2ae000 r--s 00012000 08:05 1216988                    /home/matias/.gradle/caches/modules-2/files-2.1/javax.validation/validation-api/2.0.1.Final/cb855558e6271b1b32e716d24cb85c7f583ce09e/validation-api-2.0.1.Final.jar
7fbcec2ae000-7fbcec2b2000 r--s 00037000 08:05 1216987                    /home/matias/.gradle/caches/modules-2/files-2.1/org.apache.tomcat.embed/tomcat-embed-el/8.5.29/893fb2c87ec1aa248a7911d76c0c06b3fca6bc9b/tomcat-embed-el-8.5.29.jar
7fbcec2b2000-7fbcec2dc000 r--s 002cc000 08:05 1216986                    /home/matias/.gradle/caches/modules-2/files-2.1/org.apache.tomcat.embed/tomcat-embed-core/8.5.29/51eac5adde4bc019261b787cb99e5548206908e6/tomcat-embed-core-8.5.29.jar
7fbcec2dc000-7fbcec2e1000 r--s 0003a000 08:05 1216985                    /home/matias/.gradle/caches/modules-2/files-2.1/org.apache.tomcat.embed/tomcat-embed-websocket/8.5.29/37786f4ca8a1597a91a0f437e659a76d1fcc5bf1/tomcat-embed-websocket-8.5.29.jar
7fbcec2e1000-7fbcec2e4000 r--s 0000e000 08:05 1216984                    /home/matias/.gradle/caches/modules-2/files-2.1/com.fasterxml.jackson.core/jackson-annotations/2.9.0/7c10d545325e3a6e72e06381afe469fd40eb701/jackson-annotations-2.9.0.jar
7fbcec2e4000-7fbcec2f7000 r--s 00135000 08:05 1216983                    /home/matias/.gradle/caches/modules-2/files-2.1/com.fasterxml.jackson.core/jackson-databind/2.9.5/3490508379d065fe3fcb80042b62f630f7588606/jackson-databind-2.9.5.jar
7fbcec2f7000-7fbcec2f9000 r--s 00001000 08:05 1216982                    /home/matias/.gradle/caches/modules-2/files-2.1/com.fasterxml.jackson.module/jackson-module-parameter-names/2.9.5/f824c60751ffb7bfc3a0d30dfe0e42317d8e67f5/jackson-module-parameter-names-2.9.5.jar
7fbcec2f9000-7fbcec2fc000 r--s 00016000 08:05 1216981                    /home/matias/.gradle/caches/modules-2/files-2.1/com.fasterxml.jackson.datatype/jackson-datatype-jsr310/2.9.5/d1f0d11e816bc04e222a261106ca138801841c2d/jackson-datatype-jsr310-2.9.5.jar
7fbcec2fc000-7fbcec2fe000 r--s 00007000 08:05 1216980                    /home/matias/.gradle/caches/modules-2/files-2.1/com.fasterxml.jackson.datatype/jackson-datatype-jdk8/2.9.5/23e37f085279ba316c0df923513b81609e1d1f6/jackson-datatype-jdk8-2.9.5.jar
7fbcec2fe000-7fbcec300000 r--s 00009000 08:05 1216381                    /home/matias/.gradle/caches/modules-2/files-2.1/org.slf4j/slf4j-api/1.7.25/da76ca59f6a57ee3102f8f9bd9cee742973efa8a/slf4j-api-1.7.25.jar
7fbcec300000-7fbcec302000 r--s 00000000 08:05 1216638                    /home/matias/.gradle/caches/modules-2/files-2.1/org.slf4j/jul-to-slf4j/1.7.25/af5364cd6679bfffb114f0dec8a157aaa283b76/jul-to-slf4j-1.7.25.jar
7fbcec302000-7fbcec304000 r--s 00003000 08:05 1216979                    /home/matias/.gradle/caches/modules-2/files-2.1/org.apache.logging.log4j/log4j-to-slf4j/2.10.0/f7e631ccf49cfc0aefa4a2a728da7d374c05bd3c/log4j-to-slf4j-2.10.0.jar
7fbcec304000-7fbcec30a000 r--s 00041000 08:05 1216978                    /home/matias/.gradle/caches/modules-2/files-2.1/ch.qos.logback/logback-classic/1.2.3/7c4f3c474fb2c041d8028740440937705ebb473a/logback-classic-1.2.3.jar
7fbcec30a000-7fbcec30f000 r--s 00048000 08:05 1216624                    /home/matias/.gradle/caches/modules-2/files-2.1/dom4j/dom4j/1.6.1/5d3ccc056b6f056dbf0dddfdf43894b9065a8f94/dom4j-1.6.1.jar
7fbcec30f000-7fbcec311000 r--s 0000e000 08:05 1216977                    /home/matias/.gradle/caches/modules-2/files-2.1/com.fasterxml/classmate/1.3.4/3d5f48f10bbe4eb7bd862f10c0583be2e0053c6/classmate-1.3.4.jar
7fbcec311000-7fbcec314000 r--s 0002b000 08:05 1216976                    /home/matias/.gradle/caches/modules-2/files-2.1/org.jboss/jandex/2.0.3.Final/bfc4d6257dbff7a33a357f0de116be6ff951d849/jandex-2.0.3.Final.jar
7fbcec314000-7fbcec319000 r--s 00068000 08:05 1216622                    /home/matias/.gradle/caches/modules-2/files-2.1/antlr/antlr/2.7.7/83cd2cd674a217ade95a4bb83a8a14f351f48bd0/antlr-2.7.7.jar
7fbcec319000-7fbcec323000 r--s 000ab000 08:05 1216975                    /home/matias/.gradle/caches/modules-2/files-2.1/org.javassist/javassist/3.22.0-GA/3e83394258ae2089be7219b971ec21a8288528ad/javassist-3.22.0-GA.jar
7fbcec323000-7fbcec328000 r--s 00017000 08:05 1216620                    /home/matias/.gradle/caches/modules-2/files-2.1/org.hibernate.javax.persistence/hibernate-jpa-2.1-api/1.0.0.Final/5e731d961297e5a07290bfaf3db1fbc8bbbf405a/hibernate-jpa-2.1-api-1.0.0.Final.jar
7fbcec328000-7fbcec32a000 r--s 0000f000 08:05 1216974                    /home/matias/.gradle/caches/modules-2/files-2.1/org.jboss.logging/jboss-logging/3.3.2.Final/3789d00e859632e6c6206adc0c71625559e6e3b0/jboss-logging-3.3.2.Final.jar
7fbcec32a000-7fbcec32d000 r--s 00010000 08:05 1216625                    /home/matias/.gradle/caches/modules-2/files-2.1/org.hibernate.common/hibernate-commons-annotations/5.0.1.Final/71e1cff3fcb20d3b3af4f3363c3ddb24d33c6879/hibernate-commons-annotations-5.0.1.Final.jar
7fbcec32d000-7fbcec330000 r--s 00020000 08:05 1216973                    /home/matias/.gradle/caches/modules-2/files-2.1/com.zaxxer/HikariCP/2.7.8/4a3a604fa2efa89621aa498d04e000b2bed90c39/HikariCP-2.7.8.jar
7fbcec330000-7fbcec34a000 r--s 001d4000 08:05 1216972                    /home/matias/.gradle/caches/modules-2/files-2.1/org.aspectj/aspectjweaver/1.9.0/6048d6b230e52e74de656d26a48530734fc85944/aspectjweaver-1.9.0.jar
7fbcec34a000-7fbcec351000 r--s 00042000 08:05 1216971                    /home/matias/.gradle/caches/modules-2/files-2.1/org.yaml/snakeyaml/1.19/2d998d3d674b172a588e54ab619854d073f555b5/snakeyaml-1.19.jar
7fbcec351000-7fbcec369000 r--s 00114000 08:05 1216848                    /home/matias/.gradle/caches/modules-2/files-2.1/org.springframework/spring-core/5.0.5.RELEASE/1bd9feb1d9dac6accd27f5244b6c47cfcb55045c/spring-core-5.0.5.RELEASE.jar
7fbcec369000-7fbcec36e000 r--s 0003f000 08:05 1216970                    /home/matias/.gradle/caches/modules-2/files-2.1/org.springframework/spring-expression/5.0.5.RELEASE/fc6c7a95aeb7d00f4c65c338b08d97767eb0dd99/spring-expression-5.0.5.RELEASE.jar
7fbcec36e000-7fbcec37b000 r--s 00095000 08:05 1216969                    /home/matias/.gradle/caches/modules-2/files-2.1/org.springframework/spring-beans/5.0.5.RELEASE/984445863c0bbdaaf860615762d998b471a6bf92/spring-beans-5.0.5.RELEASE.jar
7fbcec37b000-7fbcec392000 r--s 000f0000 08:05 1216968                    /home/matias/.gradle/caches/modules-2/files-2.1/org.springframework.data/spring-data-commons/2.0.6.RELEASE/4d65fdcbe258961e866f4f85c87c13193bbfd18c/spring-data-commons-2.0.6.RELEASE.jar
7fbcec392000-7fbcec39a000 r--s 00037000 08:05 1216967                    /home/matias/.gradle/caches/modules-2/files-2.1/org.springframework/spring-tx/5.0.5.RELEASE/b772fbba533da282adc89f33e2619ee8a8bba601/spring-tx-5.0.5.RELEASE.jar
7fbcec39a000-7fbcec3a3000 r--s 00059000 08:05 1216966                    /home/matias/.gradle/caches/modules-2/files-2.1/org.springframework/spring-jdbc/5.0.5.RELEASE/456bc4d2281c37aa2f2206651a3048a1d3559d2a/spring-jdbc-5.0.5.RELEASE.jar
7fbcec3a3000-7fbcec3ac000 r--s 00051000 08:05 1216964                    /home/matias/.gradle/caches/modules-2/files-2.1/org.springframework/spring-aop/5.0.5.RELEASE/b11b61b94d7fb752a1c9bf3461d655c3084fae47/spring-aop-5.0.5.RELEASE.jar
7fbcec3ac000-7fbcec3c6000 r--s 000f1000 08:05 1216963                    /home/matias/.gradle/caches/modules-2/files-2.1/org.springframework/spring-context/5.0.5.RELEASE/9cca4bf5acb693249a01c218f471c677b951d6e2/spring-context-5.0.5.RELEASE.jar
7fbcec3c6000-7fbcec3db000 r--s 000ce000 08:05 1222519                    /home/matias/.gradle/caches/modules-2/files-2.1/org.springframework.boot/spring-boot/2.1.0.BUILD-SNAPSHOT/56f986c71fd30a8137226882dc5272c37895401/spring-boot-2.1.0.BUILD-SNAPSHOT.jar
7fbcec3db000-7fbcec3fb000 r--s 000fb000 08:05 1222517                    /home/matias/.gradle/caches/modules-2/files-2.1/org.springframework.boot/spring-boot-autoconfigure/2.1.0.BUILD-SNAPSHOT/5445470edaf3e8f72bcb0766ecd45138ad41b985/spring-boot-autoconfigure-2.1.0.BUILD-SNAPSHOT.jar
7fbcec3fb000-7fbcec3fc000 ---p 00000000 00:00 0 
7fbcec3fc000-7fbcec4fc000 rw-p 00000000 00:00 0 
7fbcec4fc000-7fbcec4ff000 ---p 00000000 00:00 0 
7fbcec4ff000-7fbcec5fd000 rw-p 00000000 00:00 0 
7fbcec5fd000-7fbcec600000 ---p 00000000 00:00 0 
7fbcec600000-7fbcec6fe000 rw-p 00000000 00:00 0 
7fbcec6fe000-7fbcec701000 ---p 00000000 00:00 0 
7fbcec701000-7fbcec7ff000 rw-p 00000000 00:00 0 
7fbcec7ff000-7fbcec802000 ---p 00000000 00:00 0 
7fbcec802000-7fbcec900000 rw-p 00000000 00:00 0 
7fbcec900000-7fbced000000 r--p 00000000 08:05 793491                     /usr/lib/locale/locale-archive
7fbced000000-7fbced8a0000 rwxp 00000000 00:00 0 
7fbced8a0000-7fbcfc000000 ---p 00000000 00:00 0 
7fbcfc000000-7fbcfca28000 rw-p 00000000 00:00 0 
7fbcfca28000-7fbd00000000 ---p 00000000 00:00 0 
7fbd00001000-7fbd00005000 r--s 0002b000 08:05 1216965                    /home/matias/.gradle/caches/modules-2/files-2.1/org.springframework/spring-orm/5.0.5.RELEASE/6734f5ef4c2ebf1d00021fd4b314138f10792174/spring-orm-5.0.5.RELEASE.jar
7fbd00005000-7fbd00006000 r--s 00004000 08:05 1216641                    /home/matias/.gradle/caches/modules-2/files-2.1/org.springframework.plugin/spring-plugin-core/1.2.0.RELEASE/f380e7760032e7d929184f8ad8a33716b75c0657/spring-plugin-core-1.2.0.RELEASE.jar
7fbd00006000-7fbd00008000 r--s 00005000 08:05 1216962                    /home/matias/.gradle/caches/modules-2/files-2.1/javax.annotation/javax.annotation-api/1.3.2/934c04d3cfef185a8008e7bf34331b79730a9d43/javax.annotation-api-1.3.2.jar
7fbd00008000-7fbd00022000 r--s 00119000 08:05 1216958                    /home/matias/.gradle/caches/modules-2/files-2.1/org.springframework/spring-web/5.0.5.RELEASE/d51dbb5cabe72ae02e400577bac48f7fc94088de/spring-web-5.0.5.RELEASE.jar
7fbd00022000-7fbd00031000 r--s 000b2000 08:05 1216957                    /home/matias/.gradle/caches/modules-2/files-2.1/org.springframework/spring-webmvc/5.0.5.RELEASE/a7fd53c7ad06b0fa7dd4ff347de1b2dc508739e/spring-webmvc-5.0.5.RELEASE.jar
7fbd00031000-7fbd00036000 r--s 0002e000 08:05 1216956                    /home/matias/.gradle/caches/modules-2/files-2.1/org.springframework.hateoas/spring-hateoas/0.24.0.RELEASE/b6401a781a58e0b2ab95242a553683e04300fe69/spring-hateoas-0.24.0.RELEASE.jar
7fbd00036000-7fbd0003b000 r--s 0001d000 08:05 1216955                    /home/matias/.gradle/caches/modules-2/files-2.1/org.springframework.data/spring-data-rest-core/3.0.6.RELEASE/e8e75aa0c35f5b7be049b3c29fd512a9c72a0936/spring-data-rest-core-3.0.6.RELEASE.jar
7fbd0003b000-7fbd00058000 r--s 000f8000 08:05 1216954                    /home/matias/.gradle/caches/modules-2/files-2.1/org.hibernate.validator/hibernate-validator/6.0.9.Final/b149e4cce82379f11f6129eb3187ca8ae5404005/hibernate-validator-6.0.9.Final.jar
7fbd00058000-7fbd00060000 r--s 0004b000 08:05 1216952                    /home/matias/.gradle/caches/modules-2/files-2.1/org.springframework.data/spring-data-rest-webmvc/3.0.6.RELEASE/8876124e689885cf2eacdce5887125052675a2fe/spring-data-rest-webmvc-3.0.6.RELEASE.jar
7fbd00060000-7fbd00068000 r--s 0004a000 08:05 1216950                    /home/matias/.gradle/caches/modules-2/files-2.1/org.springframework.data/spring-data-jpa/2.0.6.RELEASE/2c683dfbd06551bfd6cc7e05f9d13f5c54c79ba/spring-data-jpa-2.0.6.RELEASE.jar
7fbd00068000-7fbd000e5000 r--s 005ee000 08:05 1216949                    /home/matias/.gradle/caches/modules-2/files-2.1/org.hibernate/hibernate-core/5.2.16.Final/c169565556721e21e9bdc193a3e8e25160a45468/hibernate-core-5.2.16.Final.jar
7fbd000e5000-7fbd000ef000 r--s 000ec000 08:05 1216992                    /home/matias/.gradle/caches/modules-2/files-2.1/mysql/mysql-connector-java/5.1.46/9a3e63b387e376364211e96827bc27db8d7a92e9/mysql-connector-java-5.1.46.jar
7fbd000ef000-7fbd000f2000 ---p 00000000 00:00 0 
7fbd000f2000-7fbd001f0000 rw-p 00000000 00:00 0 
7fbd001f0000-7fbd001f3000 ---p 00000000 00:00 0 
7fbd001f3000-7fbd002f1000 rw-p 00000000 00:00 0 
7fbd002f1000-7fbd002f4000 ---p 00000000 00:00 0 
7fbd002f4000-7fbd003f2000 rw-p 00000000 00:00 0 
7fbd003f2000-7fbd003f3000 ---p 00000000 00:00 0 
7fbd003f3000-7fbd014b4000 rw-p 00000000 00:00 0 
7fbd014b4000-7fbd0168e000 r--s 03d68000 08:05 1456152                    /usr/lib/jvm/java-8-oracle/jre/lib/rt.jar
7fbd0168e000-7fbd021d4000 rw-p 00000000 00:00 0 
7fbd021d4000-7fbd021d5000 ---p 00000000 00:00 0 
7fbd021d5000-7fbd022d5000 rw-p 00000000 00:00 0 
7fbd022d5000-7fbd022d6000 ---p 00000000 00:00 0 
7fbd022d6000-7fbd023d6000 rw-p 00000000 00:00 0 
7fbd023d6000-7fbd023d7000 ---p 00000000 00:00 0 
7fbd023d7000-7fbd024d7000 rw-p 00000000 00:00 0 
7fbd024d7000-7fbd024d8000 ---p 00000000 00:00 0 
7fbd024d8000-7fbd025ee000 rw-p 00000000 00:00 0 
7fbd025ee000-7fbd027b8000 ---p 00000000 00:00 0 
7fbd027b8000-7fbd027ce000 rw-p 00000000 00:00 0 
7fbd027ce000-7fbd02998000 ---p 00000000 00:00 0 
7fbd02998000-7fbd029cd000 rw-p 00000000 00:00 0 
7fbd029cd000-7fbd02a88000 ---p 00000000 00:00 0 
7fbd02a88000-7fbd02aac000 rw-p 00000000 00:00 0 
7fbd02aac000-7fbd02e49000 ---p 00000000 00:00 0 
7fbd02e49000-7fbd02e64000 r-xp 00000000 08:05 1456354                    /usr/lib/jvm/java-8-oracle/jre/lib/amd64/libzip.so
7fbd02e64000-7fbd03064000 ---p 0001b000 08:05 1456354                    /usr/lib/jvm/java-8-oracle/jre/lib/amd64/libzip.so
7fbd03064000-7fbd03065000 rw-p 0001b000 08:05 1456354                    /usr/lib/jvm/java-8-oracle/jre/lib/amd64/libzip.so
7fbd03065000-7fbd03070000 r-xp 00000000 08:05 136417                     /lib/x86_64-linux-gnu/libnss_files-2.23.so
7fbd03070000-7fbd0326f000 ---p 0000b000 08:05 136417                     /lib/x86_64-linux-gnu/libnss_files-2.23.so
7fbd0326f000-7fbd03270000 r--p 0000a000 08:05 136417                     /lib/x86_64-linux-gnu/libnss_files-2.23.so
7fbd03270000-7fbd03271000 rw-p 0000b000 08:05 136417                     /lib/x86_64-linux-gnu/libnss_files-2.23.so
7fbd03271000-7fbd03277000 rw-p 00000000 00:00 0 
7fbd03277000-7fbd03282000 r-xp 00000000 08:05 136428                     /lib/x86_64-linux-gnu/libnss_nis-2.23.so
7fbd03282000-7fbd03481000 ---p 0000b000 08:05 136428                     /lib/x86_64-linux-gnu/libnss_nis-2.23.so
7fbd03481000-7fbd03482000 r--p 0000a000 08:05 136428                     /lib/x86_64-linux-gnu/libnss_nis-2.23.so
7fbd03482000-7fbd03483000 rw-p 0000b000 08:05 136428                     /lib/x86_64-linux-gnu/libnss_nis-2.23.so
7fbd03483000-7fbd03499000 r-xp 00000000 08:05 136411                     /lib/x86_64-linux-gnu/libnsl-2.23.so
7fbd03499000-7fbd03698000 ---p 00016000 08:05 136411                     /lib/x86_64-linux-gnu/libnsl-2.23.so
7fbd03698000-7fbd03699000 r--p 00015000 08:05 136411                     /lib/x86_64-linux-gnu/libnsl-2.23.so
7fbd03699000-7fbd0369a000 rw-p 00016000 08:05 136411                     /lib/x86_64-linux-gnu/libnsl-2.23.so
7fbd0369a000-7fbd0369c000 rw-p 00000000 00:00 0 
7fbd0369c000-7fbd036a4000 r-xp 00000000 08:05 136413                     /lib/x86_64-linux-gnu/libnss_compat-2.23.so
7fbd036a4000-7fbd038a3000 ---p 00008000 08:05 136413                     /lib/x86_64-linux-gnu/libnss_compat-2.23.so
7fbd038a3000-7fbd038a4000 r--p 00007000 08:05 136413                     /lib/x86_64-linux-gnu/libnss_compat-2.23.so
7fbd038a4000-7fbd038a5000 rw-p 00008000 08:05 136413                     /lib/x86_64-linux-gnu/libnss_compat-2.23.so
7fbd038a5000-7fbd038d0000 r-xp 00000000 08:05 1456348                    /usr/lib/jvm/java-8-oracle/jre/lib/amd64/libjava.so
7fbd038d0000-7fbd03acf000 ---p 0002b000 08:05 1456348                    /usr/lib/jvm/java-8-oracle/jre/lib/amd64/libjava.so
7fbd03acf000-7fbd03ad1000 rw-p 0002a000 08:05 1456348                    /usr/lib/jvm/java-8-oracle/jre/lib/amd64/libjava.so
7fbd03ad1000-7fbd03ade000 r-xp 00000000 08:05 1456353                    /usr/lib/jvm/java-8-oracle/jre/lib/amd64/libverify.so
7fbd03ade000-7fbd03cde000 ---p 0000d000 08:05 1456353                    /usr/lib/jvm/java-8-oracle/jre/lib/amd64/libverify.so
7fbd03cde000-7fbd03ce0000 rw-p 0000d000 08:05 1456353                    /usr/lib/jvm/java-8-oracle/jre/lib/amd64/libverify.so
7fbd03ce0000-7fbd03ce7000 r-xp 00000000 08:05 136473                     /lib/x86_64-linux-gnu/librt-2.23.so
7fbd03ce7000-7fbd03ee6000 ---p 00007000 08:05 136473                     /lib/x86_64-linux-gnu/librt-2.23.so
7fbd03ee6000-7fbd03ee7000 r--p 00006000 08:05 136473                     /lib/x86_64-linux-gnu/librt-2.23.so
7fbd03ee7000-7fbd03ee8000 rw-p 00007000 08:05 136473                     /lib/x86_64-linux-gnu/librt-2.23.so
7fbd03ee8000-7fbd03ff0000 r-xp 00000000 08:05 136390                     /lib/x86_64-linux-gnu/libm-2.23.so
7fbd03ff0000-7fbd041ef000 ---p 00108000 08:05 136390                     /lib/x86_64-linux-gnu/libm-2.23.so
7fbd041ef000-7fbd041f0000 r--p 00107000 08:05 136390                     /lib/x86_64-linux-gnu/libm-2.23.so
7fbd041f0000-7fbd041f1000 rw-p 00108000 08:05 136390                     /lib/x86_64-linux-gnu/libm-2.23.so
7fbd041f1000-7fbd04eca000 r-xp 00000000 08:05 1456374                    /usr/lib/jvm/java-8-oracle/jre/lib/amd64/server/libjvm.so
7fbd04eca000-7fbd050c9000 ---p 00cd9000 08:05 1456374                    /usr/lib/jvm/java-8-oracle/jre/lib/amd64/server/libjvm.so
7fbd050c9000-7fbd051a3000 rw-p 00cd8000 08:05 1456374                    /usr/lib/jvm/java-8-oracle/jre/lib/amd64/server/libjvm.so
7fbd051a3000-7fbd051ee000 rw-p 00000000 00:00 0 
7fbd051ee000-7fbd053ae000 r-xp 00000000 08:05 136322                     /lib/x86_64-linux-gnu/libc-2.23.so
7fbd053ae000-7fbd055ae000 ---p 001c0000 08:05 136322                     /lib/x86_64-linux-gnu/libc-2.23.so
7fbd055ae000-7fbd055b2000 r--p 001c0000 08:05 136322                     /lib/x86_64-linux-gnu/libc-2.23.so
7fbd055b2000-7fbd055b4000 rw-p 001c4000 08:05 136322                     /lib/x86_64-linux-gnu/libc-2.23.so
7fbd055b4000-7fbd055b8000 rw-p 00000000 00:00 0 
7fbd055b8000-7fbd055bb000 r-xp 00000000 08:05 136344                     /lib/x86_64-linux-gnu/libdl-2.23.so
7fbd055bb000-7fbd057ba000 ---p 00003000 08:05 136344                     /lib/x86_64-linux-gnu/libdl-2.23.so
7fbd057ba000-7fbd057bb000 r--p 00002000 08:05 136344                     /lib/x86_64-linux-gnu/libdl-2.23.so
7fbd057bb000-7fbd057bc000 rw-p 00003000 08:05 136344                     /lib/x86_64-linux-gnu/libdl-2.23.so
7fbd057bc000-7fbd057d2000 r-xp 00000000 08:05 921065                     /usr/lib/jvm/java-8-oracle/lib/amd64/jli/libjli.so
7fbd057d2000-7fbd059d1000 ---p 00016000 08:05 921065                     /usr/lib/jvm/java-8-oracle/lib/amd64/jli/libjli.so
7fbd059d1000-7fbd059d2000 rw-p 00015000 08:05 921065                     /usr/lib/jvm/java-8-oracle/lib/amd64/jli/libjli.so
7fbd059d2000-7fbd059ea000 r-xp 00000000 08:05 136465                     /lib/x86_64-linux-gnu/libpthread-2.23.so
7fbd059ea000-7fbd05be9000 ---p 00018000 08:05 136465                     /lib/x86_64-linux-gnu/libpthread-2.23.so
7fbd05be9000-7fbd05bea000 r--p 00017000 08:05 136465                     /lib/x86_64-linux-gnu/libpthread-2.23.so
7fbd05bea000-7fbd05beb000 rw-p 00018000 08:05 136465                     /lib/x86_64-linux-gnu/libpthread-2.23.so
7fbd05beb000-7fbd05bef000 rw-p 00000000 00:00 0 
7fbd05bef000-7fbd05c15000 r-xp 00000000 08:05 136294                     /lib/x86_64-linux-gnu/ld-2.23.so
7fbd05c15000-7fbd05c16000 r--s 00000000 08:05 1222518                    /home/matias/.gradle/caches/modules-2/files-2.1/org.springframework.boot/spring-boot-starter-logging/2.1.0.BUILD-SNAPSHOT/e6c438f7e1e3b94f4e8292bb855ffa0b3147ece7/spring-boot-starter-logging-2.1.0.BUILD-SNAPSHOT.jar
7fbd05c16000-7fbd05c17000 r--s 00000000 08:05 1222515                    /home/matias/.gradle/caches/modules-2/files-2.1/org.springframework.boot/spring-boot-starter-tomcat/2.1.0.BUILD-SNAPSHOT/52d9efa01c43a6e988b35fcd7a7ba216d417b6f1/spring-boot-starter-tomcat-2.1.0.BUILD-SNAPSHOT.jar
7fbd05c17000-7fbd05cf9000 rw-p 00000000 00:00 0 
7fbd05cf9000-7fbd05cfc000 ---p 00000000 00:00 0 
7fbd05cfc000-7fbd05dff000 rw-p 00000000 00:00 0 
7fbd05dff000-7fbd05e01000 r--s 0000a000 08:05 1216951                    /home/matias/.gradle/caches/modules-2/files-2.1/org.springframework/spring-aspects/5.0.5.RELEASE/34994566374425cfdf82634720b010ed20be512d/spring-aspects-5.0.5.RELEASE.jar
7fbd05e01000-7fbd05e03000 r--s 00006000 08:05 1214506                    /home/matias/.gradle/caches/modules-2/files-2.1/javax.transaction/javax.transaction-api/1.2/d81aff979d603edd90dcd8db2abc1f4ce6479e3e/javax.transaction-api-1.2.jar
7fbd05e03000-7fbd05e04000 r--s 00000000 08:05 1222514                    /home/matias/.gradle/caches/modules-2/files-2.1/org.springframework.boot/spring-boot-starter/2.1.0.BUILD-SNAPSHOT/b420c11feaa9073f534a39305af3bc04fa9879c4/spring-boot-starter-2.1.0.BUILD-SNAPSHOT.jar
7fbd05e04000-7fbd05e05000 r--s 00000000 08:05 1222513                    /home/matias/.gradle/caches/modules-2/files-2.1/org.springframework.boot/spring-boot-starter-json/2.1.0.BUILD-SNAPSHOT/45f422390f010095826271d9f2b9558dd88baa1/spring-boot-starter-json-2.1.0.BUILD-SNAPSHOT.jar
7fbd05e05000-7fbd05e06000 r--s 00000000 08:05 1222516                    /home/matias/.gradle/caches/modules-2/files-2.1/org.springframework.boot/spring-boot-starter-jdbc/2.1.0.BUILD-SNAPSHOT/6e41cb5860ca1cff41421a4bfd59bebc053d24fc/spring-boot-starter-jdbc-2.1.0.BUILD-SNAPSHOT.jar
7fbd05e06000-7fbd05e07000 r--s 00000000 08:05 1222520                    /home/matias/.gradle/caches/modules-2/files-2.1/org.springframework.boot/spring-boot-starter-aop/2.1.0.BUILD-SNAPSHOT/fb9d607947d37fa9c2315b278fd875af1303f9d/spring-boot-starter-aop-2.1.0.BUILD-SNAPSHOT.jar
7fbd05e07000-7fbd05e08000 r--s 00000000 08:05 1222507                    /home/matias/.gradle/caches/modules-2/files-2.1/org.springframework.boot/spring-boot-starter-web/2.1.0.BUILD-SNAPSHOT/ded340fef4602c502d47e00f67390a3944b0d588/spring-boot-starter-web-2.1.0.BUILD-SNAPSHOT.jar
7fbd05e08000-7fbd05e09000 r--s 00000000 08:05 1222512                    /home/matias/.gradle/caches/modules-2/files-2.1/org.springframework.boot/spring-boot-starter-data-rest/2.1.0.BUILD-SNAPSHOT/76f0a82c93201d0e774e6979a50e768ea1639f48/spring-boot-starter-data-rest-2.1.0.BUILD-SNAPSHOT.jar
7fbd05e09000-7fbd05e0a000 r--s 00000000 08:05 1222511                    /home/matias/.gradle/caches/modules-2/files-2.1/org.springframework.boot/spring-boot-starter-data-jpa/2.1.0.BUILD-SNAPSHOT/49b94151ba86a5d3f3d46ddefc4d47600f0fe052/spring-boot-starter-data-jpa-2.1.0.BUILD-SNAPSHOT.jar
7fbd05e0a000-7fbd05e12000 rw-s 00000000 08:05 1195385                    /tmp/hsperfdata_matias/7779
7fbd05e12000-7fbd05e13000 rw-p 00000000 00:00 0 
7fbd05e13000-7fbd05e14000 ---p 00000000 00:00 0 
7fbd05e14000-7fbd05e15000 r--p 00025000 08:05 136294                     /lib/x86_64-linux-gnu/ld-2.23.so
7fbd05e15000-7fbd05e16000 rw-p 00026000 08:05 136294                     /lib/x86_64-linux-gnu/ld-2.23.so
7fbd05e16000-7fbd05e17000 rw-p 00000000 00:00 0 
7ffe31b03000-7ffe31b27000 rw-p 00000000 00:00 0                          [stack]
7ffe31bf7000-7ffe31bfa000 r--p 00000000 00:00 0                          [vvar]
7ffe31bfa000-7ffe31bfc000 r-xp 00000000 00:00 0                          [vdso]
ffffffffff600000-ffffffffff601000 r-xp 00000000 00:00 0                  [vsyscall]

VM Arguments:
jvm_args: -Dfile.encoding=UTF-8 -Duser.country=CL -Duser.language=es -Duser.variant 
java_command: com.example.mingeso3.Mingeso3Application
java_class_path (initial): /home/matias/Tingeso/Tingeso-1-2018/mingeso3/build/classes/java/main:/home/matias/Tingeso/Tingeso-1-2018/mingeso3/build/resources/main:/home/matias/.gradle/caches/modules-2/files-2.1/org.springframework.boot/spring-boot-starter-data-jpa/2.1.0.BUILD-SNAPSHOT/49b94151ba86a5d3f3d46ddefc4d47600f0fe052/spring-boot-starter-data-jpa-2.1.0.BUILD-SNAPSHOT.jar:/home/matias/.gradle/caches/modules-2/files-2.1/org.springframework.boot/spring-boot-starter-data-rest/2.1.0.BUILD-SNAPSHOT/76f0a82c93201d0e774e6979a50e768ea1639f48/spring-boot-starter-data-rest-2.1.0.BUILD-SNAPSHOT.jar:/home/matias/.gradle/caches/modules-2/files-2.1/org.springframework.boot/spring-boot-starter-web/2.1.0.BUILD-SNAPSHOT/ded340fef4602c502d47e00f67390a3944b0d588/spring-boot-starter-web-2.1.0.BUILD-SNAPSHOT.jar:/home/matias/.gradle/caches/modules-2/files-2.1/mysql/mysql-connector-java/5.1.46/9a3e63b387e376364211e96827bc27db8d7a92e9/mysql-connector-java-5.1.46.jar:/home/matias/.gradle/caches/modules-2/files-2.1/org.springframework.boot/spring-boot-starter-aop/2.1.0.BUILD-SNAPSHOT/fb9d607947d37fa9c2315b278fd875af1303f9d/spring-boot-starter-aop-2.1.0.BUILD-SNAPSHOT.jar:/home/matias/.gradle/caches/modules-2/files-2.1/org.springframework.boot/spring-boot-starter-jdbc/2.1.0.BUILD-SNAPSHOT/6e41cb5860ca1cff41421a4bfd59bebc053d24fc/spring-boot-starter-jdbc-2.1.0.BUILD-SNAPSHOT.jar:/home/matias/.gradle/caches/modules-2/files-2.1/org.springframework.boot/spring-boot-starter-json/2.1.0.BUILD-SNAPSHOT/45f422390f010095826271d9f2b9558dd88baa1/spring-boot-starter-json-2.1.0.BUILD-SNAPSHOT.jar:/home/matias/.gradle/caches/modules-2/files-2.1/org.springframework.boot/spring-boot-starter/2.1.0.BUILD-SNAPSHOT/b420c11feaa9073f534a39305af3bc04fa9879c4/spring-boot-starter-2.1.0.BUILD-SNAPSHOT.jar:/home/matias/.gradle/caches/modules-2/files-2.1/org.hibernate/hibernate-core/5.2.16.Final/c169565556721e21e9bdc193a3e8e25160a45468/hibernate-core-5.2.16.Final.jar:/home/matias/.gradle/caches/modules-2/files-2.
Launcher Type: SUN_STANDARD

Environment Variables:
JAVA_HOME=/usr/lib/jvm/java-8-oracle
PATH=/home/matias/bin:/home/matias/.local/bin:/usr/local/sbin:/usr/local/bin:/usr/sbin:/usr/bin:/sbin:/bin:/usr/games:/usr/local/games:/snap/bin:/usr/lib/jvm/java-8-oracle/bin:/usr/lib/jvm/java-8-oracle/db/bin:/usr/lib/jvm/java-8-oracle/jre/bin
USERNAME=matias
SHELL=/bin/bash
DISPLAY=:0

Signal Handlers:
SIGSEGV: [libjvm.so+0xad0890], sa_mask[0]=11111111011111111101111111111110, sa_flags=SA_RESTART|SA_SIGINFO
SIGBUS: [libjvm.so+0xad0890], sa_mask[0]=11111111011111111101111111111110, sa_flags=SA_RESTART|SA_SIGINFO
SIGFPE: [libjvm.so+0x928640], sa_mask[0]=11111111011111111101111111111110, sa_flags=SA_RESTART|SA_SIGINFO
SIGPIPE: [libjvm.so+0x928640], sa_mask[0]=11111111011111111101111111111110, sa_flags=SA_RESTART|SA_SIGINFO
SIGXFSZ: [libjvm.so+0x928640], sa_mask[0]=11111111011111111101111111111110, sa_flags=SA_RESTART|SA_SIGINFO
SIGILL: [libjvm.so+0x928640], sa_mask[0]=11111111011111111101111111111110, sa_flags=SA_RESTART|SA_SIGINFO
SIGUSR1: SIG_DFL, sa_mask[0]=00000000000000000000000000000000, sa_flags=none
SIGUSR2: [libjvm.so+0x929ea0], sa_mask[0]=00100000000000000000000000000000, sa_flags=SA_RESTART|SA_SIGINFO
SIGHUP: [libjvm.so+0x92b2a0], sa_mask[0]=11111111011111111101111111111110, sa_flags=SA_RESTART|SA_SIGINFO
SIGINT: [libjvm.so+0x92b2a0], sa_mask[0]=11111111011111111101111111111110, sa_flags=SA_RESTART|SA_SIGINFO
SIGTERM: [libjvm.so+0x92b2a0], sa_mask[0]=11111111011111111101111111111110, sa_flags=SA_RESTART|SA_SIGINFO
SIGQUIT: [libjvm.so+0x92b2a0], sa_mask[0]=11111111011111111101111111111110, sa_flags=SA_RESTART|SA_SIGINFO


---------------  S Y S T E M  ---------------

OS:DISTRIB_ID=Ubuntu
DISTRIB_RELEASE=16.04
DISTRIB_CODENAME=xenial
DISTRIB_DESCRIPTION="Ubuntu 16.04.4 LTS"

uname:Linux 4.13.0-38-generic #43~16.04.1-Ubuntu SMP Wed Mar 14 17:48:43 UTC 2018 x86_64
libc:glibc 2.23 NPTL 2.23 
rlimit: STACK 8192k, CORE 0k, NPROC 22572, NOFILE 1048576, AS infinity
load average:4,65 1,40 0,93

/proc/meminfo:
MemTotal:        5896316 kB
MemFree:           94028 kB
MemAvailable:       7304 kB
Buffers:             516 kB
Cached:           464732 kB
SwapCached:            0 kB
Active:          5049668 kB
Inactive:         459940 kB
Active(anon):    5046624 kB
Inactive(anon):   453508 kB
Active(file):       3044 kB
Inactive(file):     6432 kB
Unevictable:          32 kB
Mlocked:              32 kB
SwapTotal:             0 kB
SwapFree:              0 kB
Dirty:               188 kB
Writeback:             0 kB
AnonPages:       5044988 kB
Mapped:           207132 kB
Shmem:            455176 kB
Slab:             151276 kB
SReclaimable:      72704 kB
SUnreclaim:        78572 kB
KernelStack:       14896 kB
PageTables:        50932 kB
NFS_Unstable:          0 kB
Bounce:                0 kB
WritebackTmp:          0 kB
CommitLimit:     2948156 kB
Committed_AS:   12752068 kB
VmallocTotal:   34359738367 kB
VmallocUsed:           0 kB
VmallocChunk:          0 kB
HardwareCorrupted:     0 kB
AnonHugePages:         0 kB
ShmemHugePages:        0 kB
ShmemPmdMapped:        0 kB
CmaTotal:              0 kB
CmaFree:               0 kB
HugePages_Total:       0
HugePages_Free:        0
HugePages_Rsvd:        0
HugePages_Surp:        0
Hugepagesize:       2048 kB
DirectMap4k:      176116 kB
DirectMap2M:     5906432 kB


CPU:total 4 (initial active 4) (2 cores per cpu, 2 threads per core) family 6 model 58 stepping 9, cmov, cx8, fxsr, mmx, sse, sse2, sse3, ssse3, sse4.1, sse4.2, popcnt, avx, clmul, erms, ht, tsc, tscinvbit, tscinv

/proc/cpuinfo:
processor	: 0
vendor_id	: GenuineIntel
cpu family	: 6
model		: 58
model name	: Intel(R) Core(TM) i5-3337U CPU @ 1.80GHz
stepping	: 9
microcode	: 0x17
cpu MHz		: 2494.590
cache size	: 3072 KB
physical id	: 0
siblings	: 4
core id		: 0
cpu cores	: 2
apicid		: 0
initial apicid	: 0
fpu		: yes
fpu_exception	: yes
cpuid level	: 13
wp		: yes
flags		: fpu vme de pse tsc msr pae mce cx8 apic sep mtrr pge mca cmov pat pse36 clflush dts acpi mmx fxsr sse sse2 ss ht tm pbe syscall nx rdtscp lm constant_tsc arch_perfmon pebs bts rep_good nopl xtopology nonstop_tsc cpuid aperfmperf pni pclmulqdq dtes64 monitor ds_cpl vmx est tm2 ssse3 cx16 xtpr pdcm pcid sse4_1 sse4_2 x2apic popcnt tsc_deadline_timer xsave avx f16c rdrand lahf_lm cpuid_fault epb pti retpoline tpr_shadow vnmi flexpriority ept vpid fsgsbase smep erms xsaveopt dtherm ida arat pln pts
bugs		: cpu_meltdown spectre_v1 spectre_v2
bogomips	: 3592.21
clflush size	: 64
cache_alignment	: 64
address sizes	: 36 bits physical, 48 bits virtual
power management:

processor	: 1
vendor_id	: GenuineIntel
cpu family	: 6
model		: 58
model name	: Intel(R) Core(TM) i5-3337U CPU @ 1.80GHz
stepping	: 9
microcode	: 0x17
cpu MHz		: 2494.589
cache size	: 3072 KB
physical id	: 0
siblings	: 4
core id		: 0
cpu cores	: 2
apicid		: 1
initial apicid	: 1
fpu		: yes
fpu_exception	: yes
cpuid level	: 13
wp		: yes
flags		: fpu vme de pse tsc msr pae mce cx8 apic sep mtrr pge mca cmov pat pse36 clflush dts acpi mmx fxsr sse sse2 ss ht tm pbe syscall nx rdtscp lm constant_tsc arch_perfmon pebs bts rep_good nopl xtopology nonstop_tsc cpuid aperfmperf pni pclmulqdq dtes64 monitor ds_cpl vmx est tm2 ssse3 cx16 xtpr pdcm pcid sse4_1 sse4_2 x2apic popcnt tsc_deadline_timer xsave avx f16c rdrand lahf_lm cpuid_fault epb pti retpoline tpr_shadow vnmi flexpriority ept vpid fsgsbase smep erms xsaveopt dtherm ida arat pln pts
bugs		: cpu_meltdown spectre_v1 spectre_v2
bogomips	: 3592.21
clflush size	: 64
cache_alignment	: 64
address sizes	: 36 bits physical, 48 bits virtual
power management:

processor	: 2
vendor_id	: GenuineIntel
cpu family	: 6
model		: 58
model name	: Intel(R) Core(TM) i5-3337U CPU @ 1.80GHz
stepping	: 9
microcode	: 0x17
cpu MHz		: 2494.588
cache size	: 3072 KB
physical id	: 0
siblings	: 4
core id		: 1
cpu cores	: 2
apicid		: 2
initial apicid	: 2
fpu		: yes
fpu_exception	: yes
cpuid level	: 13
wp		: yes
flags		: fpu vme de pse tsc msr pae mce cx8 apic sep mtrr pge mca cmov pat pse36 clflush dts acpi mmx fxsr sse sse2 ss ht tm pbe syscall nx rdtscp lm constant_tsc arch_perfmon pebs bts rep_good nopl xtopology nonstop_tsc cpuid aperfmperf pni pclmulqdq dtes64 monitor ds_cpl vmx est tm2 ssse3 cx16 xtpr pdcm pcid sse4_1 sse4_2 x2apic popcnt tsc_deadline_timer xsave avx f16c rdrand lahf_lm cpuid_fault epb pti retpoline tpr_shadow vnmi flexpriority ept vpid fsgsbase smep erms xsaveopt dtherm ida arat pln pts
bugs		: cpu_meltdown spectre_v1 spectre_v2
bogomips	: 3592.21
clflush size	: 64
cache_alignment	: 64
address sizes	: 36 bits physical, 48 bits virtual
power management:

processor	: 3
vendor_id	: GenuineIntel
cpu family	: 6
model		: 58
model name	: Intel(R) Core(TM) i5-3337U CPU @ 1.80GHz
stepping	: 9
microcode	: 0x17
cpu MHz		: 2494.592
cache size	: 3072 KB
physical id	: 0
siblings	: 4
core id		: 1
cpu cores	: 2
apicid		: 3
initial apicid	: 3
fpu		: yes
fpu_exception	: yes
cpuid level	: 13
wp		: yes
flags		: fpu vme de pse tsc msr pae mce cx8 apic sep mtrr pge mca cmov pat pse36 clflush dts acpi mmx fxsr sse sse2 ss ht tm pbe syscall nx rdtscp lm constant_tsc arch_perfmon pebs bts rep_good nopl xtopology nonstop_tsc cpuid aperfmperf pni pclmulqdq dtes64 monitor ds_cpl vmx est tm2 ssse3 cx16 xtpr pdcm pcid sse4_1 sse4_2 x2apic popcnt tsc_deadline_timer xsave avx f16c rdrand lahf_lm cpuid_fault epb pti retpoline tpr_shadow vnmi flexpriority ept vpid fsgsbase smep erms xsaveopt dtherm ida arat pln pts
bugs		: cpu_meltdown spectre_v1 spectre_v2
bogomips	: 3592.21
clflush size	: 64
cache_alignment	: 64
address sizes	: 36 bits physical, 48 bits virtual
power management:



Memory: 4k page, physical 5896316k(94132k free), swap 0k(0k free)

vm_info: Java HotSpot(TM) 64-Bit Server VM (25.171-b11) for linux-amd64 JRE (1.8.0_171-b11), built on Mar 28 2018 17:07:08 by "java_re" with gcc 4.3.0 20080428 (Red Hat 4.3.0-8)

time: Thu Apr 19 19:14:35 2018
elapsed time: 13 seconds (0d 0h 0m 13s)

